-------------------------------------------------------------------------------
Test set: TeamWorkTest
-------------------------------------------------------------------------------
Tests run: 2, Failures: 2, Errors: 0, Skipped: 0, Time elapsed: 50.472 sec <<< FAILURE!
addMilestoneTest(TeamWorkTest)  Time elapsed: 10.417 sec  <<< FAILURE!
java.lang.IllegalStateException: This is not the home page
	at com.TeamWorkTests.HomePage.<init>(HomePage.java:19)
	at com.TeamWorkTests.LoginPage.fillinAndSubmit(LoginPage.java:43)
	at TeamWorkTest.login(TeamWorkTest.java:37)
	at TeamWorkTest.addMilestoneTest(TeamWorkTest.java:164)

loginAndTasksTest(TeamWorkTest)  Time elapsed: 0.009 sec  <<< FAILURE!
org.openqa.selenium.NoSuchWindowException: no such window: target window already closed
from unknown error: web view not found
  (Session info: chrome=47.0.2526.106)
  (Driver info: chromedriver=2.20.353124 (035346203162d32c80f1dce587c8154a1efa0c3b),platform=Linux 3.14.1-031401-generic x86_64) (WARNING: The server did not provide any stacktrace information)
Command duration or timeout: 2 milliseconds
Build info: version: '2.48.2', revision: '41bccdd10cf2c0560f637404c2d96164b67d9d67', time: '2015-10-09 13:08:06'
System info: host: 'xxxx', ip: '127.0.1.1', os.name: 'Linux', os.arch: 'amd64', os.version: '3.14.1-031401-generic', java.version: '1.7.0_91'
*** Element info: {Using=id, value=ordLoginSubmitBtn}
Session ID: b3bbba31416e896ad78b2c3228f8caf9
Driver info: org.openqa.selenium.chrome.ChromeDriver
Capabilities [{platform=LINUX, acceptSslCerts=true, javascriptEnabled=true, browserName=chrome, chrome={userDataDir=/tmp/.com.google.Chrome.ZopMgb}, rotatable=false, locationContextEnabled=true, mobileEmulationEnabled=false, version=47.0.2526.106, takesHeapSnapshot=true, cssSelectorsEnabled=true, databaseEnabled=false, handlesAlerts=true, browserConnectionEnabled=false, webStorageEnabled=true, nativeEvents=true, hasTouchScreen=false, applicationCacheEnabled=false, takesScreenshot=true}]
	at sun.reflect.NativeConstructorAccessorImpl.newInstance0(Native Method)
	at sun.reflect.NativeConstructorAccessorImpl.newInstance(NativeConstructorAccessorImpl.java:57)
	at sun.reflect.DelegatingConstructorAccessorImpl.newInstance(DelegatingConstructorAccessorImpl.java:45)
	at java.lang.reflect.Constructor.newInstance(Constructor.java:526)
	at org.openqa.selenium.remote.ErrorHandler.createThrowable(ErrorHandler.java:206)
	at org.openqa.selenium.remote.ErrorHandler.throwIfResponseFailed(ErrorHandler.java:158)
	at org.openqa.selenium.remote.RemoteWebDriver.execute(RemoteWebDriver.java:647)
	at org.openqa.selenium.remote.RemoteWebDriver.findElements(RemoteWebDriver.java:378)
	at org.openqa.selenium.remote.RemoteWebDriver.findElementsById(RemoteWebDriver.java:411)
	at org.openqa.selenium.By$ById.findElements(By.java:210)
	at org.openqa.selenium.remote.RemoteWebDriver.findElements(RemoteWebDriver.java:341)
	at com.TeamWorkTests.BasePage.isElementFound(BasePage.java:21)
	at com.TeamWorkTests.LoginPage.<init>(LoginPage.java:21)
	at TeamWorkTest.login(TeamWorkTest.java:36)
	at TeamWorkTest.loginAndTasksTest(TeamWorkTest.java:79)

